\BOOKMARK [1][-]{section.1}{Introduction}{}% 1
\BOOKMARK [2][-]{subsection.1.1}{IDENTIFICATION}{section.1}% 2
\BOOKMARK [2][-]{subsection.1.2}{PURPOSE}{section.1}% 3
\BOOKMARK [2][-]{subsection.1.3}{SCOPE}{section.1}% 4
\BOOKMARK [2][-]{subsection.1.4}{DEFINITIONS, ACRONYMS, AND ABBREVIATIONS}{section.1}% 5
\BOOKMARK [2][-]{subsection.1.5}{OVERVIEW AND RESTRICTIONS}{section.1}% 6
\BOOKMARK [1][-]{section.2}{OVERALL DESCRIPTION}{}% 7
\BOOKMARK [2][-]{subsection.2.1}{PRODUCT PERSPECTIVE}{section.2}% 8
\BOOKMARK [2][-]{subsection.2.2}{PRODUCT FUNCTIONS}{section.2}% 9
\BOOKMARK [2][-]{subsection.2.3}{USER CHARACTERISTICS}{section.2}% 10
\BOOKMARK [2][-]{subsection.2.4}{CONSTRAINTS}{section.2}% 11
\BOOKMARK [2][-]{subsection.2.5}{ASSUMPTIONS AND DEPENDENCIES}{section.2}% 12
\BOOKMARK [2][-]{subsection.2.6}{SYSTEM LEVEL \(NON-FUNCTIONAL\) REQUIREMENTS}{section.2}% 13
\BOOKMARK [3][-]{subsubsection.2.6.1}{Site dependencies}{subsection.2.6}% 14
\BOOKMARK [3][-]{subsubsection.2.6.2}{Safety, security and privacy requirements}{subsection.2.6}% 15
\BOOKMARK [3][-]{subsubsection.2.6.3}{Performance requirements}{subsection.2.6}% 16
\BOOKMARK [3][-]{subsubsection.2.6.4}{System and software quality}{subsection.2.6}% 17
\BOOKMARK [3][-]{subsubsection.2.6.5}{Packaging and delivery requirements}{subsection.2.6}% 18
\BOOKMARK [3][-]{subsubsection.2.6.6}{Personnel-related requirements}{subsection.2.6}% 19
\BOOKMARK [3][-]{subsubsection.2.6.7}{Training-related requirements}{subsection.2.6}% 20
\BOOKMARK [3][-]{subsubsection.2.6.8}{Logistics-related requirements}{subsection.2.6}% 21
\BOOKMARK [3][-]{subsubsection.2.6.9}{Precedence and criticality of requirements}{subsection.2.6}% 22
\BOOKMARK [1][-]{section.3}{SPECIFIC REQUIREMENTS}{}% 23
\BOOKMARK [2][-]{subsection.3.1}{EXTERNAL INTERFACE REQUIREMENTS}{section.3}% 24
\BOOKMARK [3][-]{subsubsection.3.1.1}{Hardware Interfaces}{subsection.3.1}% 25
\BOOKMARK [3][-]{subsubsection.3.1.2}{Software Interfaces}{subsection.3.1}% 26
\BOOKMARK [3][-]{subsubsection.3.1.3}{User Interfaces}{subsection.3.1}% 27
\BOOKMARK [2][-]{subsection.3.2}{SYSTEM FEATURES}{section.3}% 28
\BOOKMARK [3][-]{subsubsection.3.2.1}{ Use Case Diagrams}{subsection.3.2}% 29
