This is pdfTeX, Version 3.1415926-2.5-1.40.14 (MiKTeX 2.9 64-bit) (preloaded format=pdflatex 2014.4.25)  7 MAY 2014 10:54
entering extended mode
**cs383SSDD.tex

(C:\Users\KeisterBox\Documents\NetBeansProjects\sworsorc\doc\EndingDocumentatio
n\SSDD\cs383SSDD.tex
LaTeX2e <2011/06/27>
Babel <v3.8m> and hyphenation patterns for english, afrikaans, ancientgreek, ar
abic, armenian, assamese, basque, bengali, bokmal, bulgarian, catalan, coptic, 
croatian, czech, danish, dutch, esperanto, estonian, farsi, finnish, french, ga
lician, german, german-x-2013-05-26, greek, gujarati, hindi, hungarian, iceland
ic, indonesian, interlingua, irish, italian, kannada, kurmanji, latin, latvian,
 lithuanian, malayalam, marathi, mongolian, mongolianlmc, monogreek, ngerman, n
german-x-2013-05-26, nynorsk, oriya, panjabi, pinyin, polish, portuguese, roman
ian, russian, sanskrit, serbian, slovak, slovenian, spanish, swedish, swissgerm
an, tamil, telugu, turkish, turkmen, ukenglish, ukrainian, uppersorbian, usengl
ishmax, welsh, loaded.
("C:\Program Files\MiKTeX 2.9\tex\latex\base\article.cls"
Document Class: article 2007/10/19 v1.4h Standard LaTeX document class
("C:\Program Files\MiKTeX 2.9\tex\latex\base\size12.clo"
File: size12.clo 2007/10/19 v1.4h Standard LaTeX file (size option)
)
\c@part=\count79
\c@section=\count80
\c@subsection=\count81
\c@subsubsection=\count82
\c@paragraph=\count83
\c@subparagraph=\count84
\c@figure=\count85
\c@table=\count86
\abovecaptionskip=\skip41
\belowcaptionskip=\skip42
\bibindent=\dimen102
)
("C:\Program Files\MiKTeX 2.9\tex\latex\base\inputenc.sty"
Package: inputenc 2008/03/30 v1.1d Input encoding file
\inpenc@prehook=\toks14
\inpenc@posthook=\toks15

("C:\Program Files\MiKTeX 2.9\tex\latex\base\utf8.def"
File: utf8.def 2008/04/05 v1.1m UTF-8 support for inputenc
Now handling font encoding OML ...
... no UTF-8 mapping file for font encoding OML
Now handling font encoding T1 ...
... processing UTF-8 mapping file for font encoding T1

("C:\Program Files\MiKTeX 2.9\tex\latex\base\t1enc.dfu"
File: t1enc.dfu 2008/04/05 v1.1m UTF-8 support for inputenc
   defining Unicode char U+00A1 (decimal 161)
   defining Unicode char U+00A3 (decimal 163)
   defining Unicode char U+00AB (decimal 171)
   defining Unicode char U+00BB (decimal 187)
   defining Unicode char U+00BF (decimal 191)
   defining Unicode char U+00C0 (decimal 192)
   defining Unicode char U+00C1 (decimal 193)
   defining Unicode char U+00C2 (decimal 194)
   defining Unicode char U+00C3 (decimal 195)
   defining Unicode char U+00C4 (decimal 196)
   defining Unicode char U+00C5 (decimal 197)
   defining Unicode char U+00C6 (decimal 198)
   defining Unicode char U+00C7 (decimal 199)
   defining Unicode char U+00C8 (decimal 200)
   defining Unicode char U+00C9 (decimal 201)
   defining Unicode char U+00CA (decimal 202)
   defining Unicode char U+00CB (decimal 203)
   defining Unicode char U+00CC (decimal 204)
   defining Unicode char U+00CD (decimal 205)
   defining Unicode char U+00CE (decimal 206)
   defining Unicode char U+00CF (decimal 207)
   defining Unicode char U+00D0 (decimal 208)
   defining Unicode char U+00D1 (decimal 209)
   defining Unicode char U+00D2 (decimal 210)
   defining Unicode char U+00D3 (decimal 211)
   defining Unicode char U+00D4 (decimal 212)
   defining Unicode char U+00D5 (decimal 213)
   defining Unicode char U+00D6 (decimal 214)
   defining Unicode char U+00D8 (decimal 216)
   defining Unicode char U+00D9 (decimal 217)
   defining Unicode char U+00DA (decimal 218)
   defining Unicode char U+00DB (decimal 219)
   defining Unicode char U+00DC (decimal 220)
   defining Unicode char U+00DD (decimal 221)
   defining Unicode char U+00DE (decimal 222)
   defining Unicode char U+00DF (decimal 223)
   defining Unicode char U+00E0 (decimal 224)
   defining Unicode char U+00E1 (decimal 225)
   defining Unicode char U+00E2 (decimal 226)
   defining Unicode char U+00E3 (decimal 227)
   defining Unicode char U+00E4 (decimal 228)
   defining Unicode char U+00E5 (decimal 229)
   defining Unicode char U+00E6 (decimal 230)
   defining Unicode char U+00E7 (decimal 231)
   defining Unicode char U+00E8 (decimal 232)
   defining Unicode char U+00E9 (decimal 233)
   defining Unicode char U+00EA (decimal 234)
   defining Unicode char U+00EB (decimal 235)
   defining Unicode char U+00EC (decimal 236)
   defining Unicode char U+00ED (decimal 237)
   defining Unicode char U+00EE (decimal 238)
   defining Unicode char U+00EF (decimal 239)
   defining Unicode char U+00F0 (decimal 240)
   defining Unicode char U+00F1 (decimal 241)
   defining Unicode char U+00F2 (decimal 242)
   defining Unicode char U+00F3 (decimal 243)
   defining Unicode char U+00F4 (decimal 244)
   defining Unicode char U+00F5 (decimal 245)
   defining Unicode char U+00F6 (decimal 246)
   defining Unicode char U+00F8 (decimal 248)
   defining Unicode char U+00F9 (decimal 249)
   defining Unicode char U+00FA (decimal 250)
   defining Unicode char U+00FB (decimal 251)
   defining Unicode char U+00FC (decimal 252)
   defining Unicode char U+00FD (decimal 253)
   defining Unicode char U+00FE (decimal 254)
   defining Unicode char U+00FF (decimal 255)
   defining Unicode char U+0102 (decimal 258)
   defining Unicode char U+0103 (decimal 259)
   defining Unicode char U+0104 (decimal 260)
   defining Unicode char U+0105 (decimal 261)
   defining Unicode char U+0106 (decimal 262)
   defining Unicode char U+0107 (decimal 263)
   defining Unicode char U+010C (decimal 268)
   defining Unicode char U+010D (decimal 269)
   defining Unicode char U+010E (decimal 270)
   defining Unicode char U+010F (decimal 271)
   defining Unicode char U+0110 (decimal 272)
   defining Unicode char U+0111 (decimal 273)
   defining Unicode char U+0118 (decimal 280)
   defining Unicode char U+0119 (decimal 281)
   defining Unicode char U+011A (decimal 282)
   defining Unicode char U+011B (decimal 283)
   defining Unicode char U+011E (decimal 286)
   defining Unicode char U+011F (decimal 287)
   defining Unicode char U+0130 (decimal 304)
   defining Unicode char U+0131 (decimal 305)
   defining Unicode char U+0132 (decimal 306)
   defining Unicode char U+0133 (decimal 307)
   defining Unicode char U+0139 (decimal 313)
   defining Unicode char U+013A (decimal 314)
   defining Unicode char U+013D (decimal 317)
   defining Unicode char U+013E (decimal 318)
   defining Unicode char U+0141 (decimal 321)
   defining Unicode char U+0142 (decimal 322)
   defining Unicode char U+0143 (decimal 323)
   defining Unicode char U+0144 (decimal 324)
   defining Unicode char U+0147 (decimal 327)
   defining Unicode char U+0148 (decimal 328)
   defining Unicode char U+014A (decimal 330)
   defining Unicode char U+014B (decimal 331)
   defining Unicode char U+0150 (decimal 336)
   defining Unicode char U+0151 (decimal 337)
   defining Unicode char U+0152 (decimal 338)
   defining Unicode char U+0153 (decimal 339)
   defining Unicode char U+0154 (decimal 340)
   defining Unicode char U+0155 (decimal 341)
   defining Unicode char U+0158 (decimal 344)
   defining Unicode char U+0159 (decimal 345)
   defining Unicode char U+015A (decimal 346)
   defining Unicode char U+015B (decimal 347)
   defining Unicode char U+015E (decimal 350)
   defining Unicode char U+015F (decimal 351)
   defining Unicode char U+0160 (decimal 352)
   defining Unicode char U+0161 (decimal 353)
   defining Unicode char U+0162 (decimal 354)
   defining Unicode char U+0163 (decimal 355)
   defining Unicode char U+0164 (decimal 356)
   defining Unicode char U+0165 (decimal 357)
   defining Unicode char U+016E (decimal 366)
   defining Unicode char U+016F (decimal 367)
   defining Unicode char U+0170 (decimal 368)
   defining Unicode char U+0171 (decimal 369)
   defining Unicode char U+0178 (decimal 376)
   defining Unicode char U+0179 (decimal 377)
   defining Unicode char U+017A (decimal 378)
   defining Unicode char U+017B (decimal 379)
   defining Unicode char U+017C (decimal 380)
   defining Unicode char U+017D (decimal 381)
   defining Unicode char U+017E (decimal 382)
   defining Unicode char U+200C (decimal 8204)
   defining Unicode char U+2013 (decimal 8211)
   defining Unicode char U+2014 (decimal 8212)
   defining Unicode char U+2018 (decimal 8216)
   defining Unicode char U+2019 (decimal 8217)
   defining Unicode char U+201A (decimal 8218)
   defining Unicode char U+201C (decimal 8220)
   defining Unicode char U+201D (decimal 8221)
   defining Unicode char U+201E (decimal 8222)
   defining Unicode char U+2030 (decimal 8240)
   defining Unicode char U+2031 (decimal 8241)
   defining Unicode char U+2039 (decimal 8249)
   defining Unicode char U+203A (decimal 8250)
   defining Unicode char U+2423 (decimal 9251)
)
Now handling font encoding OT1 ...
... processing UTF-8 mapping file for font encoding OT1

("C:\Program Files\MiKTeX 2.9\tex\latex\base\ot1enc.dfu"
File: ot1enc.dfu 2008/04/05 v1.1m UTF-8 support for inputenc
   defining Unicode char U+00A1 (decimal 161)
   defining Unicode char U+00A3 (decimal 163)
   defining Unicode char U+00B8 (decimal 184)
   defining Unicode char U+00BF (decimal 191)
   defining Unicode char U+00C5 (decimal 197)
   defining Unicode char U+00C6 (decimal 198)
   defining Unicode char U+00D8 (decimal 216)
   defining Unicode char U+00DF (decimal 223)
   defining Unicode char U+00E6 (decimal 230)
   defining Unicode char U+00EC (decimal 236)
   defining Unicode char U+00ED (decimal 237)
   defining Unicode char U+00EE (decimal 238)
   defining Unicode char U+00EF (decimal 239)
   defining Unicode char U+00F8 (decimal 248)
   defining Unicode char U+0131 (decimal 305)
   defining Unicode char U+0141 (decimal 321)
   defining Unicode char U+0142 (decimal 322)
   defining Unicode char U+0152 (decimal 338)
   defining Unicode char U+0153 (decimal 339)
   defining Unicode char U+2013 (decimal 8211)
   defining Unicode char U+2014 (decimal 8212)
   defining Unicode char U+2018 (decimal 8216)
   defining Unicode char U+2019 (decimal 8217)
   defining Unicode char U+201C (decimal 8220)
   defining Unicode char U+201D (decimal 8221)
)
Now handling font encoding OMS ...
... processing UTF-8 mapping file for font encoding OMS

("C:\Program Files\MiKTeX 2.9\tex\latex\base\omsenc.dfu"
File: omsenc.dfu 2008/04/05 v1.1m UTF-8 support for inputenc
   defining Unicode char U+00A7 (decimal 167)
   defining Unicode char U+00B6 (decimal 182)
   defining Unicode char U+00B7 (decimal 183)
   defining Unicode char U+2020 (decimal 8224)
   defining Unicode char U+2021 (decimal 8225)
   defining Unicode char U+2022 (decimal 8226)
)
Now handling font encoding OMX ...
... no UTF-8 mapping file for font encoding OMX
Now handling font encoding U ...
... no UTF-8 mapping file for font encoding U
   defining Unicode char U+00A9 (decimal 169)
   defining Unicode char U+00AA (decimal 170)
   defining Unicode char U+00AE (decimal 174)
   defining Unicode char U+00BA (decimal 186)
   defining Unicode char U+02C6 (decimal 710)
   defining Unicode char U+02DC (decimal 732)
   defining Unicode char U+200C (decimal 8204)
   defining Unicode char U+2026 (decimal 8230)
   defining Unicode char U+2122 (decimal 8482)
   defining Unicode char U+2423 (decimal 9251)
))
("C:\Program Files\MiKTeX 2.9\tex\latex\amsmath\amsmath.sty"
Package: amsmath 2013/01/14 v2.14 AMS math features
\@mathmargin=\skip43

For additional information on amsmath, use the `?' option.
("C:\Program Files\MiKTeX 2.9\tex\latex\amsmath\amstext.sty"
Package: amstext 2000/06/29 v2.01

("C:\Program Files\MiKTeX 2.9\tex\latex\amsmath\amsgen.sty"
File: amsgen.sty 1999/11/30 v2.0
\@emptytoks=\toks16
\ex@=\dimen103
))
("C:\Program Files\MiKTeX 2.9\tex\latex\amsmath\amsbsy.sty"
Package: amsbsy 1999/11/29 v1.2d
\pmbraise@=\dimen104
)
("C:\Program Files\MiKTeX 2.9\tex\latex\amsmath\amsopn.sty"
Package: amsopn 1999/12/14 v2.01 operator names
)
\inf@bad=\count87
LaTeX Info: Redefining \frac on input line 210.
\uproot@=\count88
\leftroot@=\count89
LaTeX Info: Redefining \overline on input line 306.
\classnum@=\count90
\DOTSCASE@=\count91
LaTeX Info: Redefining \ldots on input line 378.
LaTeX Info: Redefining \dots on input line 381.
LaTeX Info: Redefining \cdots on input line 466.
\Mathstrutbox@=\box26
\strutbox@=\box27
\big@size=\dimen105
LaTeX Font Info:    Redeclaring font encoding OML on input line 566.
LaTeX Font Info:    Redeclaring font encoding OMS on input line 567.
\macc@depth=\count92
\c@MaxMatrixCols=\count93
\dotsspace@=\muskip10
\c@parentequation=\count94
\dspbrk@lvl=\count95
\tag@help=\toks17
\row@=\count96
\column@=\count97
\maxfields@=\count98
\andhelp@=\toks18
\eqnshift@=\dimen106
\alignsep@=\dimen107
\tagshift@=\dimen108
\tagwidth@=\dimen109
\totwidth@=\dimen110
\lineht@=\dimen111
\@envbody=\toks19
\multlinegap=\skip44
\multlinetaggap=\skip45
\mathdisplay@stack=\toks20
LaTeX Info: Redefining \[ on input line 2665.
LaTeX Info: Redefining \] on input line 2666.
)
("C:\Program Files\MiKTeX 2.9\tex\latex\amsfonts\amsfonts.sty"
Package: amsfonts 2013/01/14 v3.01 Basic AMSFonts support
\symAMSa=\mathgroup4
\symAMSb=\mathgroup5
LaTeX Font Info:    Overwriting math alphabet `\mathfrak' in version `bold'
(Font)                  U/euf/m/n --> U/euf/b/n on input line 106.
)
("C:\Program Files\MiKTeX 2.9\tex\latex\amsfonts\amssymb.sty"
Package: amssymb 2013/01/14 v3.01 AMS font symbols
)
("C:\Program Files\MiKTeX 2.9\tex\latex\supertabular\supertabular.sty"
Package: supertabular 2004/02/20 v4.1e the supertabular environment
\c@tracingst=\count99
\ST@wd=\dimen112
\ST@rightskip=\skip46
\ST@leftskip=\skip47
\ST@parfillskip=\skip48
\ST@pageleft=\dimen113
\ST@headht=\dimen114
\ST@tailht=\dimen115
\ST@pagesofar=\dimen116
\ST@pboxht=\dimen117
\ST@lineht=\dimen118
\ST@stretchht=\dimen119
\ST@prevht=\dimen120
\ST@toadd=\dimen121
\ST@dimen=\dimen122
\ST@pbox=\box28
)
("C:\Program Files\MiKTeX 2.9\tex\latex\tools\tabularx.sty"
Package: tabularx 1999/01/07 v2.07 `tabularx' package (DPC)

("C:\Program Files\MiKTeX 2.9\tex\latex\tools\array.sty"
Package: array 2008/09/09 v2.4c Tabular extension package (FMi)
\col@sep=\dimen123
\extrarowheight=\dimen124
\NC@list=\toks21
\extratabsurround=\skip49
\backup@length=\skip50
)
\TX@col@width=\dimen125
\TX@old@table=\dimen126
\TX@old@col=\dimen127
\TX@target=\dimen128
\TX@delta=\dimen129
\TX@cols=\count100
\TX@ftn=\toks22
)
("C:\Program Files\MiKTeX 2.9\tex\latex\graphics\graphicx.sty"
Package: graphicx 1999/02/16 v1.0f Enhanced LaTeX Graphics (DPC,SPQR)

("C:\Program Files\MiKTeX 2.9\tex\latex\graphics\keyval.sty"
Package: keyval 1999/03/16 v1.13 key=value parser (DPC)
\KV@toks@=\toks23
)
("C:\Program Files\MiKTeX 2.9\tex\latex\graphics\graphics.sty"
Package: graphics 2009/02/05 v1.0o Standard LaTeX Graphics (DPC,SPQR)

("C:\Program Files\MiKTeX 2.9\tex\latex\graphics\trig.sty"
Package: trig 1999/03/16 v1.09 sin cos tan (DPC)
)
("C:\Program Files\MiKTeX 2.9\tex\latex\00miktex\graphics.cfg"
File: graphics.cfg 2007/01/18 v1.5 graphics configuration of teTeX/TeXLive
)
Package graphics Info: Driver file: pdftex.def on input line 91.

("C:\Program Files\MiKTeX 2.9\tex\latex\pdftex-def\pdftex.def"
File: pdftex.def 2011/05/27 v0.06d Graphics/color for pdfTeX

("C:\Program Files\MiKTeX 2.9\tex\generic\oberdiek\infwarerr.sty"
Package: infwarerr 2010/04/08 v1.3 Providing info/warning/error messages (HO)
)
("C:\Program Files\MiKTeX 2.9\tex\generic\oberdiek\ltxcmds.sty"
Package: ltxcmds 2011/11/09 v1.22 LaTeX kernel commands for general use (HO)
)
\Gread@gobject=\count101
))
\Gin@req@height=\dimen130
\Gin@req@width=\dimen131
)
("C:\Program Files\MiKTeX 2.9\tex\latex\pdfpages\pdfpages.sty"
Package: pdfpages 2013/08/25 v0.4v Insert pages of external PDF documents (AM)

("C:\Program Files\MiKTeX 2.9\tex\latex\base\ifthen.sty"
Package: ifthen 2001/05/26 v1.1c Standard LaTeX ifthen package (DPC)
)
("C:\Program Files\MiKTeX 2.9\tex\latex\tools\calc.sty"
Package: calc 2007/08/22 v4.3 Infix arithmetic (KKT,FJ)
\calc@Acount=\count102
\calc@Bcount=\count103
\calc@Adimen=\dimen132
\calc@Bdimen=\dimen133
\calc@Askip=\skip51
\calc@Bskip=\skip52
LaTeX Info: Redefining \setlength on input line 76.
LaTeX Info: Redefining \addtolength on input line 77.
\calc@Ccount=\count104
\calc@Cskip=\skip53
)
("C:\Program Files\MiKTeX 2.9\tex\latex\eso-pic\eso-pic.sty"
Package: eso-pic 2013/10/06 v2.0d eso-pic (RN)

("C:\Program Files\MiKTeX 2.9\tex\generic\oberdiek\atbegshi.sty"
Package: atbegshi 2011/10/05 v1.16 At begin shipout hook (HO)

("C:\Program Files\MiKTeX 2.9\tex\generic\oberdiek\ifpdf.sty"
Package: ifpdf 2011/01/30 v2.3 Provides the ifpdf switch (HO)
Package ifpdf Info: pdfTeX in PDF mode is detected.
))
("C:\Program Files\MiKTeX 2.9\tex\latex\xcolor\xcolor.sty"
Package: xcolor 2007/01/21 v2.11 LaTeX color extensions (UK)

("C:\Program Files\MiKTeX 2.9\tex\latex\00miktex\color.cfg"
File: color.cfg 2007/01/18 v1.5 color configuration of teTeX/TeXLive
)
Package xcolor Info: Driver file: pdftex.def on input line 225.
Package xcolor Info: Model `cmy' substituted by `cmy0' on input line 1337.
Package xcolor Info: Model `hsb' substituted by `rgb' on input line 1341.
Package xcolor Info: Model `RGB' extended on input line 1353.
Package xcolor Info: Model `HTML' substituted by `rgb' on input line 1355.
Package xcolor Info: Model `Hsb' substituted by `hsb' on input line 1356.
Package xcolor Info: Model `tHsb' substituted by `hsb' on input line 1357.
Package xcolor Info: Model `HSB' substituted by `hsb' on input line 1358.
Package xcolor Info: Model `Gray' substituted by `gray' on input line 1359.
Package xcolor Info: Model `wave' substituted by `hsb' on input line 1360.
))
("C:\Program Files\MiKTeX 2.9\tex\latex\pdfpages\pppdftex.def"
File: pppdftex.def 2013/08/25 v0.4v Pdfpages driver for pdfTeX (AM)
)
\AM@pagebox=\box29
\AM@toc@title=\toks24
\c@AM@survey=\count105
\AM@templatesizebox=\box30
)
("C:\Program Files\MiKTeX 2.9\tex\latex\geometry\geometry.sty"
Package: geometry 2010/09/12 v5.6 Page Geometry

("C:\Program Files\MiKTeX 2.9\tex\generic\oberdiek\ifvtex.sty"
Package: ifvtex 2010/03/01 v1.5 Detect VTeX and its facilities (HO)
Package ifvtex Info: VTeX not detected.
)
("C:\Program Files\MiKTeX 2.9\tex\generic\ifxetex\ifxetex.sty"
Package: ifxetex 2010/09/12 v0.6 Provides ifxetex conditional
)
\Gm@cnth=\count106
\Gm@cntv=\count107
\c@Gm@tempcnt=\count108
\Gm@bindingoffset=\dimen134
\Gm@wd@mp=\dimen135
\Gm@odd@mp=\dimen136
\Gm@even@mp=\dimen137
\Gm@layoutwidth=\dimen138
\Gm@layoutheight=\dimen139
\Gm@layouthoffset=\dimen140
\Gm@layoutvoffset=\dimen141
\Gm@dimlist=\toks25

("C:\Program Files\MiKTeX 2.9\tex\latex\geometry\geometry.cfg"))
(C:\Users\KeisterBox\Documents\NetBeansProjects\sworsorc\doc\EndingDocumentatio
n\SSDD\cs383SSDD.aux)
LaTeX Font Info:    Checking defaults for OML/cmm/m/it on input line 17.
LaTeX Font Info:    ... okay on input line 17.
LaTeX Font Info:    Checking defaults for T1/cmr/m/n on input line 17.
LaTeX Font Info:    ... okay on input line 17.
LaTeX Font Info:    Checking defaults for OT1/cmr/m/n on input line 17.
LaTeX Font Info:    ... okay on input line 17.
LaTeX Font Info:    Checking defaults for OMS/cmsy/m/n on input line 17.
LaTeX Font Info:    ... okay on input line 17.
LaTeX Font Info:    Checking defaults for OMX/cmex/m/n on input line 17.
LaTeX Font Info:    ... okay on input line 17.
LaTeX Font Info:    Checking defaults for U/cmr/m/n on input line 17.
LaTeX Font Info:    ... okay on input line 17.

("C:\Program Files\MiKTeX 2.9\tex\context\base\supp-pdf.mkii"
[Loading MPS to PDF converter (version 2006.09.02).]
\scratchcounter=\count109
\scratchdimen=\dimen142
\scratchbox=\box31
\nofMPsegments=\count110
\nofMParguments=\count111
\everyMPshowfont=\toks26
\MPscratchCnt=\count112
\MPscratchDim=\dimen143
\MPnumerator=\count113
\makeMPintoPDFobject=\count114
\everyMPtoPDFconversion=\toks27
)
\AtBeginShipoutBox=\box32

*geometry* driver: auto-detecting
*geometry* detected driver: pdftex
*geometry* verbose mode - [ preamble ] result:
* driver: pdftex
* paper: a4paper
* layout: <same size as paper>
* layoutoffset:(h,v)=(0.0pt,0.0pt)
* modes: 
* h-part:(L,W,R)=(72.26999pt, 452.9679pt, 72.26999pt)
* v-part:(T,H,B)=(72.26999pt, 700.50687pt, 72.26999pt)
* \paperwidth=597.50787pt
* \paperheight=845.04684pt
* \textwidth=452.9679pt
* \textheight=700.50687pt
* \oddsidemargin=0.0pt
* \evensidemargin=0.0pt
* \topmargin=-37.0pt
* \headheight=12.0pt
* \headsep=25.0pt
* \topskip=12.0pt
* \footskip=30.0pt
* \marginparwidth=35.0pt
* \marginparsep=10.0pt
* \columnsep=10.0pt
* \skip\footins=10.8pt plus 4.0pt minus 2.0pt
* \hoffset=0.0pt
* \voffset=0.0pt
* \mag=1000
* \@twocolumnfalse
* \@twosidefalse
* \@mparswitchfalse
* \@reversemarginfalse
* (1in=72.27pt=25.4mm, 1cm=28.453pt)

LaTeX Font Info:    Try loading font information for U+msa on input line 18.
("C:\Program Files\MiKTeX 2.9\tex\latex\amsfonts\umsa.fd"
File: umsa.fd 2013/01/14 v3.01 AMS symbols A
)
LaTeX Font Info:    Try loading font information for U+msb on input line 18.

("C:\Program Files\MiKTeX 2.9\tex\latex\amsfonts\umsb.fd"
File: umsb.fd 2013/01/14 v3.01 AMS symbols B
) [1

{C:/ProgramData/MiKTeX/2.9/pdftex/config/pdftex.map}]
(C:\Users\KeisterBox\Documents\NetBeansProjects\sworsorc\doc\EndingDocumentatio
n\SSDD\cs383SSDD.toc [2])
\tf@toc=\write3
 [3] [4] [5]
Overfull \hbox (0.38629pt too wide) in paragraph at lines 93--94
\OT1/cmr/m/it/12 tions\OT1/cmr/m/n/12 , 1998-09-23, The In-sti-tute of Elec-tri
-cal and Elec-tron-ics En-gi-neers, Inc., (IEEE)
 []

[6] <overview.png, id=23, 1554.80875pt x 1186.4325pt>
File: overview.png Graphic file (type png)
 <use overview.png>
Package pdftex.def Info: overview.png used on input line 122.
(pdftex.def)             Requested size: 1554.80496pt x 1186.42961pt.
File: overview.png Graphic file (type png)

<use overview.png>
Package pdftex.def Info: overview.png used on input line 122.
(pdftex.def)             Requested size: 1554.80496pt x 1186.42961pt.
 [7]
File: overview.png Graphic file (type png)
 <use overview.png>
Package pdftex.def Info: overview.png used on input line 122.
(pdftex.def)             Requested size: 1554.80496pt x 1186.42961pt.
File: overview.png Graphic file (type png)
 <use overview.png>
Package pdftex.def Info: overview.png used on input line 122.
(pdftex.def)             Requested size: 597.80846pt x 456.17146pt.
File: overview.png Graphic file (type png)

<use overview.png>
Package pdftex.def Info: overview.png used on input line 122.
(pdftex.def)             Requested size: 597.80846pt x 456.17146pt.
File: overview.png Graphic file (type png)
 <use overview.png>
Package pdftex.def Info: overview.png used on input line 122.
(pdftex.def)             Requested size: 597.80846pt x 456.17146pt.
File: overview.png Graphic file (type png)
 <use overview.png>
Package pdftex.def Info: overview.png used on input line 122.
(pdftex.def)             Requested size: 597.80846pt x 456.17146pt.
 [8 <C:/Users/KeisterBox/Documents/NetBeansProjects/sworsorc/doc/EndingDocument
ation/SSDD/overview.png (PNG copy)>] [9]
Overfull \hbox (4.74767pt too wide) in paragraph at lines 193--193
[]|\OT1/cmr/bx/n/10.95 Type/Range| 
 []


Overfull \hbox (10.7869pt too wide) in paragraph at lines 193--193
[]|\OT1/cmr/bx/n/10.95 Dependencies| 
 []


Overfull \hbox (7.71481pt too wide) in paragraph at lines 193--193
[]|\OT1/cmr/bx/n/10.95 Subordinates| 
 []


Underfull \hbox (badness 10000) in paragraph at lines 193--193
[]|\OT1/cmr/m/n/10.95 Static
 []


Underfull \hbox (badness 10000) in paragraph at lines 193--193
[]|\OT1/cmr/m/n/10.95 Determine
 []


Underfull \hbox (badness 10000) in paragraph at lines 193--193
\OT1/cmr/m/n/10.95 re-sults of
 []


Underfull \hbox (badness 10000) in paragraph at lines 193--193
\OT1/cmr/m/n/10.95 com-bat
 []


Underfull \hbox (badness 10000) in paragraph at lines 193--193
[]|\OT1/cmr/m/n/10.95 Two Ar-
 []


Underfull \hbox (badness 10000) in paragraph at lines 193--193
\OT1/cmr/m/n/10.95 rayLists:
 []


Underfull \hbox (badness 10000) in paragraph at lines 193--193
\OT1/cmr/m/n/10.95 At-tack-ers,
 []


Underfull \hbox (badness 10000) in paragraph at lines 193--193
[]|\OT1/cmr/m/n/10.95 Unit Sub-
 []


Underfull \hbox (badness 10000) in paragraph at lines 193--193
[]|\OT1/cmr/m/n/10.95 Moveable
 []


Underfull \hbox (badness 10000) in paragraph at lines 193--193
[]|\OT1/cmr/m/n/10.95 All in-di-
 []


Underfull \hbox (badness 10000) in paragraph at lines 193--193
\OT1/cmr/m/n/10.95 vid-ual unit
 []


Underfull \hbox (badness 10000) in paragraph at lines 193--193
[]|\OT1/cmr/m/n/10.95 Unit Sub-
 []


Underfull \hbox (badness 10000) in paragraph at lines 193--193
[]|\OT1/cmr/m/n/10.95 Moveable
 []


Underfull \hbox (badness 10000) in paragraph at lines 193--193
[]|\OT1/cmr/m/n/10.95 Represents
 []


Underfull \hbox (badness 10000) in paragraph at lines 193--193
\OT1/cmr/m/n/10.95 client from
 []


Underfull \hbox (badness 10000) in paragraph at lines 193--193
[]|\OT1/cmr/m/n/10.95 Tag, Flag,
 []


Underfull \hbox (badness 10000) in paragraph at lines 193--193
\OT1/cmr/m/n/10.95 Mes-
 []


Underfull \hbox (badness 10000) in paragraph at lines 193--193
[]|\OT1/cmr/m/n/10.95 Contains
 []


Underfull \hbox (badness 10000) in paragraph at lines 193--193
\OT1/cmr/m/n/10.95 pub-lic han-
 []


Underfull \hbox (badness 10000) in paragraph at lines 193--193
\OT1/cmr/m/n/10.95 for in-com-
 []


Underfull \hbox (badness 10000) in paragraph at lines 193--193
\OT1/cmr/m/n/10.95 ing net-work
 []


Underfull \hbox (badness 7631) in paragraph at lines 193--193
[]|\OT1/cmr/m/n/10.95 An enu-mer-
 []


Underfull \hbox (badness 2865) in paragraph at lines 193--193
\OT1/cmr/m/n/10.95 ate con-stant
 []


Underfull \hbox (badness 1577) in paragraph at lines 193--193
\OT1/cmr/m/n/10.95 class pro-vid-
 []


Underfull \hbox (badness 10000) in paragraph at lines 193--193
[]|\OT1/cmr/m/n/10.95 Hex Edge
 []


Underfull \hbox (badness 1515) in paragraph at lines 193--193
\OT1/cmr/m/n/10.95 rain Classes,
 []


Underfull \hbox (badness 10000) in paragraph at lines 193--193
[]|\OT1/cmr/m/n/10.95 Classes to
 []


Underfull \hbox (badness 10000) in paragraph at lines 193--193
\OT1/cmr/m/n/10.95 col-lect and
 []


Underfull \hbox (badness 10000) in paragraph at lines 193--193
\OT1/cmr/m/n/10.95 rep-re-sent
 []


Underfull \hbox (badness 10000) in paragraph at lines 193--193
\OT1/cmr/m/n/10.95 el-e-ments
 []


Underfull \hbox (badness 10000) in paragraph at lines 193--193
\OT1/cmr/m/n/10.95 on hexagon
 []


Underfull \hbox (badness 10000) in paragraph at lines 193--193
[]|\OT1/cmr/m/n/10.95 Classes to
 []


Underfull \hbox (badness 10000) in paragraph at lines 193--193
\OT1/cmr/m/n/10.95 rep-re-sent a
 []


Underfull \hbox (badness 10000) in paragraph at lines 193--193
\OT1/cmr/m/n/10.95 "map" of
 []


Underfull \hbox (badness 10000) in paragraph at lines 193--193
\OT1/cmr/m/n/10.95 hexagons,
 []


Underfull \hbox (badness 3407) in paragraph at lines 193--193
\OT1/cmr/m/n/10.95 ei-ther diplo-
 []


Underfull \hbox (badness 10000) in paragraph at lines 193--193
\OT1/cmr/m/n/10.95 macy or
 []


Underfull \hbox (badness 10000) in paragraph at lines 193--193
\OT1/cmr/m/n/10.95 ob-ject that
 []


Underfull \hbox (badness 10000) in paragraph at lines 193--193
\OT1/cmr/m/n/10.95 man-ages a
 []


Underfull \hbox (badness 10000) in paragraph at lines 193--193
\OT1/cmr/m/n/10.95 group-ing
 []


Underfull \hbox (badness 10000) in paragraph at lines 193--193
\OT1/cmr/m/n/10.95 of client
 []


Underfull \hbox (badness 10000) in paragraph at lines 193--193
[]|\OT1/cmr/m/n/10.95 Tag, Flag,
 []


Underfull \hbox (badness 10000) in paragraph at lines 193--193
\OT1/cmr/m/n/10.95 Mes-
 []


Underfull \hbox (badness 10000) in paragraph at lines 193--193
[]|\OT1/cmr/m/n/10.95 Define and
 []


Underfull \hbox (badness 10000) in paragraph at lines 193--193
\OT1/cmr/m/n/10.95 limit ac-cess
 []


Underfull \hbox (badness 10000) in paragraph at lines 193--193
\OT1/cmr/m/n/10.95 to main
 []


Underfull \hbox (badness 5446) in paragraph at lines 193--193
[]|\OT1/cmr/m/n/10.95 Renders the
 []


Underfull \hbox (badness 10000) in paragraph at lines 193--193
\OT1/cmr/m/n/10.95 game map
 []


Underfull \hbox (badness 10000) in paragraph at lines 193--193
\OT1/cmr/m/n/10.95 and things
 []


Underfull \hbox (badness 10000) in paragraph at lines 193--193
[]|\OT1/cmr/m/n/10.95 MapView,
 []


Underfull \hbox (badness 10000) in paragraph at lines 193--193
\OT1/cmr/m/n/10.95 Hexagon
 []


Underfull \hbox (badness 10000) in paragraph at lines 193--193
[]|\OT1/cmr/m/n/10.95 Hexagon
 []


Underfull \hbox (badness 10000) in paragraph at lines 193--193
\OT1/cmr/m/n/10.95 Ren-der-ing
 []


Underfull \hbox (badness 10000) in paragraph at lines 193--193
\OT1/cmr/m/n/10.95 and re-ceive
 []


Underfull \hbox (badness 10000) in paragraph at lines 193--193
\OT1/cmr/m/n/10.95 mes-sages
 []


Underfull \hbox (badness 10000) in paragraph at lines 193--193
\OT1/cmr/m/n/10.95 over the
 []


Underfull \hbox (badness 7631) in paragraph at lines 193--193
[]|\OT1/cmr/m/n/10.95 Unit Su-per-
 []


Underfull \hbox (badness 10000) in paragraph at lines 193--193
[]|\OT1/cmr/m/n/10.95 ArmyUnit,
 []


Underfull \hbox (badness 10000) in paragraph at lines 193--193
\OT1/cmr/m/n/10.95 Char-ac-ter,
 []


Underfull \hbox (badness 10000) in paragraph at lines 193--193
[]|\OT1/cmr/m/n/10.95 Determine
 []


Underfull \hbox (badness 10000) in paragraph at lines 193--193
[]|\OT1/cmr/m/n/10.95 UnitPool,
 []


Overfull \hbox (2.74832pt too wide) in paragraph at lines 193--193
[]|\OT1/cmr/m/n/10.95 Retreat/Move| 
 []


Underfull \hbox (badness 10000) in paragraph at lines 193--193
[]|\OT1/cmr/m/n/10.95 Manages
 []


Underfull \hbox (badness 10000) in paragraph at lines 193--193
\OT1/cmr/m/n/10.95 nec-tion for
 []


Underfull \hbox (badness 10000) in paragraph at lines 193--193
[]|\OT1/cmr/m/n/10.95 Tag, Flag,
 []


Underfull \hbox (badness 10000) in paragraph at lines 193--193
\OT1/cmr/m/n/10.95 Mes-
 []


Underfull \hbox (badness 10000) in paragraph at lines 193--193
[]|\OT1/cmr/m/n/10.95 Class and
 []


Underfull \hbox (badness 10000) in paragraph at lines 193--193
\OT1/cmr/m/n/10.95 dent server
 []


Underfull \hbox (badness 10000) in paragraph at lines 193--193
\OT1/cmr/m/n/10.95 pro-cess
 []


Underfull \hbox (badness 10000) in paragraph at lines 193--193
\OT1/cmr/m/n/10.95 that clients
 []


Underfull \hbox (badness 10000) in paragraph at lines 193--193
[]|\OT1/cmr/m/n/10.95 Tag, Flag,
 []


Underfull \hbox (badness 10000) in paragraph at lines 193--193
\OT1/cmr/m/n/10.95 Mes-
 []


Underfull \hbox (badness 7631) in paragraph at lines 193--193
[]|\OT1/cmr/m/n/10.95 An enu-mer-
 []


Underfull \hbox (badness 1577) in paragraph at lines 193--193
\OT1/cmr/m/n/10.95 class pro-vid-
 []


Underfull \hbox (badness 1796) in paragraph at lines 193--193
\OT1/cmr/m/n/10.95 eral type of
 []


Overfull \vbox (590.24326pt too high) has occurred while \output is active []


[10] [11] [12] [13] [14] [15]
Underfull \hbox (badness 10000) in paragraph at lines 302--302
[]|\OT1/cmr/bx/n/10.95 Referenced
 []


Underfull \hbox (badness 10000) in paragraph at lines 302--302
[]|\OT1/cmr/m/n/10.95 HUDController,
 []

[16] [17]
(C:\Users\KeisterBox\Documents\NetBeansProjects\sworsorc\doc\EndingDocumentatio
n\SSDD\cs383SSDD.aux) ) 
Here is how much of TeX's memory you used:
 4167 strings out of 493921
 54738 string characters out of 3147267
 148070 words of memory out of 3000000
 7392 multiletter control sequences out of 15000+200000
 14913 words of font info for 57 fonts, out of 3000000 for 9000
 841 hyphenation exceptions out of 8191
 38i,18n,42p,1493b,419s stack positions out of 5000i,500n,10000p,200000b,50000s
<C:/Program Files/MiKTeX 2.9/fonts/type1/public/amsfonts
/cm/cmbx10.pfb><C:/Program Files/MiKTeX 2.9/fonts/type1/public/amsfonts/cm/cmbx
12.pfb><C:/Program Files/MiKTeX 2.9/fonts/type1/public/amsfonts/cm/cmr10.pfb><C
:/Program Files/MiKTeX 2.9/fonts/type1/public/amsfonts/cm/cmr12.pfb><C:/Program
 Files/MiKTeX 2.9/fonts/type1/public/amsfonts/cm/cmti12.pfb>
Output written on cs383SSDD.pdf (17 pages, 254917 bytes).
PDF statistics:
 80 PDF objects out of 1000 (max. 8388607)
 0 named destinations out of 1000 (max. 500000)
 16 words of extra memory for PDF output out of 10000 (max. 10000000)

