This is pdfTeX, Version 3.1415926-2.5-1.40.14 (TeX Live 2013) (format=pdflatex 2013.5.30)  17 FEB 2014 14:30
entering extended mode
 restricted \write18 enabled.
 %&-line parsing enabled.
**TeamA-AssemblyDoc.tex
(./TeamA-AssemblyDoc.tex
LaTeX2e <2011/06/27>
Babel <3.9f> and hyphenation patterns for 78 languages loaded.
(/usr/local/texlive/2013/texmf-dist/tex/latex/base/article.cls
Document Class: article 2007/10/19 v1.4h Standard LaTeX document class
(/usr/local/texlive/2013/texmf-dist/tex/latex/base/size12.clo
File: size12.clo 2007/10/19 v1.4h Standard LaTeX file (size option)
)
\c@part=\count79
\c@section=\count80
\c@subsection=\count81
\c@subsubsection=\count82
\c@paragraph=\count83
\c@subparagraph=\count84
\c@figure=\count85
\c@table=\count86
\abovecaptionskip=\skip41
\belowcaptionskip=\skip42
\bibindent=\dimen102
)
(/usr/local/texlive/2013/texmf-dist/tex/latex/geometry/geometry.sty
Package: geometry 2010/09/12 v5.6 Page Geometry

(/usr/local/texlive/2013/texmf-dist/tex/latex/graphics/keyval.sty
Package: keyval 1999/03/16 v1.13 key=value parser (DPC)
\KV@toks@=\toks14
)
(/usr/local/texlive/2013/texmf-dist/tex/generic/oberdiek/ifpdf.sty
Package: ifpdf 2011/01/30 v2.3 Provides the ifpdf switch (HO)
Package ifpdf Info: pdfTeX in PDF mode is detected.
)
(/usr/local/texlive/2013/texmf-dist/tex/generic/oberdiek/ifvtex.sty
Package: ifvtex 2010/03/01 v1.5 Detect VTeX and its facilities (HO)
Package ifvtex Info: VTeX not detected.
)
(/usr/local/texlive/2013/texmf-dist/tex/generic/ifxetex/ifxetex.sty
Package: ifxetex 2010/09/12 v0.6 Provides ifxetex conditional
)
\Gm@cnth=\count87
\Gm@cntv=\count88
\c@Gm@tempcnt=\count89
\Gm@bindingoffset=\dimen103
\Gm@wd@mp=\dimen104
\Gm@odd@mp=\dimen105
\Gm@even@mp=\dimen106
\Gm@layoutwidth=\dimen107
\Gm@layoutheight=\dimen108
\Gm@layouthoffset=\dimen109
\Gm@layoutvoffset=\dimen110
\Gm@dimlist=\toks15
)
(/usr/local/texlive/2013/texmf-dist/tex/latex/graphics/graphicx.sty
Package: graphicx 1999/02/16 v1.0f Enhanced LaTeX Graphics (DPC,SPQR)

(/usr/local/texlive/2013/texmf-dist/tex/latex/graphics/graphics.sty
Package: graphics 2009/02/05 v1.0o Standard LaTeX Graphics (DPC,SPQR)

(/usr/local/texlive/2013/texmf-dist/tex/latex/graphics/trig.sty
Package: trig 1999/03/16 v1.09 sin cos tan (DPC)
)
(/usr/local/texlive/2013/texmf-dist/tex/latex/latexconfig/graphics.cfg
File: graphics.cfg 2010/04/23 v1.9 graphics configuration of TeX Live
)
Package graphics Info: Driver file: pdftex.def on input line 91.

(/usr/local/texlive/2013/texmf-dist/tex/latex/pdftex-def/pdftex.def
File: pdftex.def 2011/05/27 v0.06d Graphics/color for pdfTeX

(/usr/local/texlive/2013/texmf-dist/tex/generic/oberdiek/infwarerr.sty
Package: infwarerr 2010/04/08 v1.3 Providing info/warning/error messages (HO)
)
(/usr/local/texlive/2013/texmf-dist/tex/generic/oberdiek/ltxcmds.sty
Package: ltxcmds 2011/11/09 v1.22 LaTeX kernel commands for general use (HO)
)
\Gread@gobject=\count90
))
\Gin@req@height=\dimen111
\Gin@req@width=\dimen112
)
No file TeamA-AssemblyDoc.aux.
\openout1 = `TeamA-AssemblyDoc.aux'.

LaTeX Font Info:    Checking defaults for OML/cmm/m/it on input line 25.
LaTeX Font Info:    ... okay on input line 25.
LaTeX Font Info:    Checking defaults for T1/cmr/m/n on input line 25.
LaTeX Font Info:    ... okay on input line 25.
LaTeX Font Info:    Checking defaults for OT1/cmr/m/n on input line 25.
LaTeX Font Info:    ... okay on input line 25.
LaTeX Font Info:    Checking defaults for OMS/cmsy/m/n on input line 25.
LaTeX Font Info:    ... okay on input line 25.
LaTeX Font Info:    Checking defaults for OMX/cmex/m/n on input line 25.
LaTeX Font Info:    ... okay on input line 25.
LaTeX Font Info:    Checking defaults for U/cmr/m/n on input line 25.
LaTeX Font Info:    ... okay on input line 25.
*geometry* driver: auto-detecting
*geometry* detected driver: pdftex
*geometry* verbose mode - [ preamble ] result:
* driver: pdftex
* paper: a4paper
* layout: <same size as paper>
* layoutoffset:(h,v)=(0.0pt,0.0pt)
* modes: 
* h-part:(L,W,R)=(36.135pt, 525.23788pt, 36.135pt)
* v-part:(T,H,B)=(36.135pt, 772.77686pt, 36.135pt)
* \paperwidth=597.50787pt
* \paperheight=845.04684pt
* \textwidth=525.23788pt
* \textheight=772.77686pt
* \oddsidemargin=-36.135pt
* \evensidemargin=-36.135pt
* \topmargin=-73.135pt
* \headheight=12.0pt
* \headsep=25.0pt
* \topskip=12.0pt
* \footskip=30.0pt
* \marginparwidth=35.0pt
* \marginparsep=10.0pt
* \columnsep=10.0pt
* \skip\footins=10.8pt plus 4.0pt minus 2.0pt
* \hoffset=0.0pt
* \voffset=0.0pt
* \mag=1000
* \@twocolumnfalse
* \@twosidefalse
* \@mparswitchfalse
* \@reversemarginfalse
* (1in=72.27pt=25.4mm, 1cm=28.453pt)

(/usr/local/texlive/2013/texmf-dist/tex/context/base/supp-pdf.mkii
[Loading MPS to PDF converter (version 2006.09.02).]
\scratchcounter=\count91
\scratchdimen=\dimen113
\scratchbox=\box26
\nofMPsegments=\count92
\nofMParguments=\count93
\everyMPshowfont=\toks16
\MPscratchCnt=\count94
\MPscratchDim=\dimen114
\MPnumerator=\count95
\makeMPintoPDFobject=\count96
\everyMPtoPDFconversion=\toks17
) (/usr/local/texlive/2013/texmf-dist/tex/generic/oberdiek/pdftexcmds.sty
Package: pdftexcmds 2011/11/29 v0.20 Utility functions of pdfTeX for LuaTeX (HO
)

(/usr/local/texlive/2013/texmf-dist/tex/generic/oberdiek/ifluatex.sty
Package: ifluatex 2010/03/01 v1.3 Provides the ifluatex switch (HO)
Package ifluatex Info: LuaTeX not detected.
)
Package pdftexcmds Info: LuaTeX not detected.
Package pdftexcmds Info: \pdf@primitive is available.
Package pdftexcmds Info: \pdf@ifprimitive is available.
Package pdftexcmds Info: \pdfdraftmode found.
)
(/usr/local/texlive/2013/texmf-dist/tex/latex/oberdiek/epstopdf-base.sty
Package: epstopdf-base 2010/02/09 v2.5 Base part for package epstopdf

(/usr/local/texlive/2013/texmf-dist/tex/latex/oberdiek/grfext.sty
Package: grfext 2010/08/19 v1.1 Manage graphics extensions (HO)

(/usr/local/texlive/2013/texmf-dist/tex/generic/oberdiek/kvdefinekeys.sty
Package: kvdefinekeys 2011/04/07 v1.3 Define keys (HO)
))
(/usr/local/texlive/2013/texmf-dist/tex/latex/oberdiek/kvoptions.sty
Package: kvoptions 2011/06/30 v3.11 Key value format for package options (HO)

(/usr/local/texlive/2013/texmf-dist/tex/generic/oberdiek/kvsetkeys.sty
Package: kvsetkeys 2012/04/25 v1.16 Key value parser (HO)

(/usr/local/texlive/2013/texmf-dist/tex/generic/oberdiek/etexcmds.sty
Package: etexcmds 2011/02/16 v1.5 Avoid name clashes with e-TeX commands (HO)
Package etexcmds Info: Could not find \expanded.
(etexcmds)             That can mean that you are not using pdfTeX 1.50 or
(etexcmds)             that some package has redefined \expanded.
(etexcmds)             In the latter case, load this package earlier.
)))
Package grfext Info: Graphics extension search list:
(grfext)             [.png,.pdf,.jpg,.mps,.jpeg,.jbig2,.jb2,.PNG,.PDF,.JPG,.JPE
G,.JBIG2,.JB2,.eps]
(grfext)             \AppendGraphicsExtensions on input line 452.

(/usr/local/texlive/2013/texmf-dist/tex/latex/latexconfig/epstopdf-sys.cfg
File: epstopdf-sys.cfg 2010/07/13 v1.3 Configuration of (r)epstopdf for TeX Liv
e
))
LaTeX Font Info:    External font `cmex10' loaded for size
(Font)              <14.4> on input line 26.
LaTeX Font Info:    External font `cmex10' loaded for size
(Font)              <7> on input line 26.
LaTeX Font Info:    Try loading font information for OMS+cmr on input line 29.

(/usr/local/texlive/2013/texmf-dist/tex/latex/base/omscmr.fd
File: omscmr.fd 1999/05/25 v2.5h Standard LaTeX font definitions
)
LaTeX Font Info:    Font shape `OMS/cmr/m/n' in size <12> not available
(Font)              Font shape `OMS/cmsy/m/n' tried instead on input line 29.
 [1

{/usr/local/texlive/2013/texmf-var/fonts/map/pdftex/updmap/pdftex.map}] [2]
<classD.png, id=14, 1109.14375pt x 836.12375pt>
File: classD.png Graphic file (type png)
 <use classD.png>
Package pdftex.def Info: classD.png used on input line 70.
(pdftex.def)             Requested size: 525.23788pt x 395.95088pt.
 [3 <./classD.png (PNG copy)>] [4] <UnitDiagrams.png, id=21, 1174.3875pt x 317.
185pt>
File: UnitDiagrams.png Graphic file (type png)

<use UnitDiagrams.png>
Package pdftex.def Info: UnitDiagrams.png used on input line 161.
(pdftex.def)             Requested size: 525.23788pt x 141.85591pt.
 [5 <./UnitDiagrams.png (PNG copy)>] [6]
<DavidGabeDiagram.png, id=28, 2183.15625pt x 2217.28375pt>
File: DavidGabeDiagram.png Graphic file (type png)

<use DavidGabeDiagram.png>
Package pdftex.def Info: DavidGabeDiagram.png used on input line 249.
(pdftex.def)             Requested size: 525.23788pt x 533.44463pt.
 [7 <./DavidGabeDiagram.png (PNG copy)>]
Overfull \hbox (376.31256pt too wide) in paragraph at lines 531--531
[]\OT1/cmtt/m/n/12 -CheckMinorSunsPosition(minorSunAscendentPositionOne : char,
\n minorSunAscendentPositionTwo : char,\nminorSunAscendentPositionThree : char)
 : void[] 
 []

[8] [9] [10] [11]
Missing character: There is no ‚ in font cmtt12!
Missing character: There is no Ä in font cmtt12!
Missing character: There is no ú in font cmtt12!
Missing character: There is no ‚ in font cmtt12!
Missing character: There is no Ä in font cmtt12!
Missing character: There is no ù in font cmtt12!
Missing character: There is no ‚ in font cmtt12!
Missing character: There is no Ä in font cmtt12!
Missing character: There is no ú in font cmtt12!
Missing character: There is no ‚ in font cmtt12!
Missing character: There is no Ä in font cmtt12!
Missing character: There is no ù in font cmtt12!
Missing character: There is no ‚ in font cmtt12!
Missing character: There is no Ä in font cmtt12!
Missing character: There is no ú in font cmtt12!
Missing character: There is no ‚ in font cmtt12!
Missing character: There is no Ä in font cmtt12!
Missing character: There is no ù in font cmtt12!
Missing character: There is no ‚ in font cmtt12!
Missing character: There is no Ä in font cmtt12!
Missing character: There is no ú in font cmtt12!
Missing character: There is no ‚ in font cmtt12!
Missing character: There is no Ä in font cmtt12!
Missing character: There is no ù in font cmtt12!
Missing character: There is no ‚ in font cmtt12!
Missing character: There is no Ä in font cmtt12!
Missing character: There is no ú in font cmtt12!
Missing character: There is no ‚ in font cmtt12!
Missing character: There is no Ä in font cmtt12!
Missing character: There is no ù in font cmtt12!
Missing character: There is no ‚ in font cmtt12!
Missing character: There is no Ä in font cmtt12!
Missing character: There is no ì in font cmtt12!

Overfull \hbox (42.8624pt too wide) in paragraph at lines 531--531
[]\OT1/cmtt/m/n/12 StellarConfiguration   MannaRegeneration : Regeneration depe
ndant on\n stellar configuration[] 
 []

Missing character: There is no ‚ in font cmtt12!
Missing character: There is no Ä in font cmtt12!
Missing character: There is no ú in font cmtt12!
Missing character: There is no ‚ in font cmtt12!
Missing character: There is no Ä in font cmtt12!
Missing character: There is no ù in font cmtt12!
Missing character: There is no ‚ in font cmtt12!
Missing character: There is no Ä in font cmtt12!
Missing character: There is no ú in font cmtt12!
Missing character: There is no ‚ in font cmtt12!
Missing character: There is no Ä in font cmtt12!
Missing character: There is no ù in font cmtt12!
Missing character: There is no ‚ in font cmtt12!
Missing character: There is no Ä in font cmtt12!
Missing character: There is no ú in font cmtt12!
Missing character: There is no ‚ in font cmtt12!
Missing character: There is no Ä in font cmtt12!
Missing character: There is no ù in font cmtt12!
[12]
Missing character: There is no ‚ in font cmtt12!
Missing character: There is no Ä in font cmtt12!
Missing character: There is no ú in font cmtt12!
Missing character: There is no ‚ in font cmtt12!
Missing character: There is no Ä in font cmtt12!
Missing character: There is no ù in font cmtt12!
 [13] (./TeamA-AssemblyDoc.aux) ) 
Here is how much of TeX's memory you used:
 1984 strings out of 493315
 29009 string characters out of 6137904
 95301 words of memory out of 5000000
 5438 multiletter control sequences out of 15000+600000
 6965 words of font info for 26 fonts, out of 8000000 for 9000
 957 hyphenation exceptions out of 8191
 37i,6n,32p,305b,243s stack positions out of 5000i,500n,10000p,200000b,80000s
</usr/local/texlive/2013/texmf-dist/fonts/type
1/public/amsfonts/cm/cmbx12.pfb></usr/local/texlive/2013/texmf-dist/fonts/type1
/public/amsfonts/cm/cmr12.pfb></usr/local/texlive/2013/texmf-dist/fonts/type1/p
ublic/amsfonts/cm/cmr17.pfb></usr/local/texlive/2013/texmf-dist/fonts/type1/pub
lic/amsfonts/cm/cmsy10.pfb></usr/local/texlive/2013/texmf-dist/fonts/type1/publ
ic/amsfonts/cm/cmtt12.pfb>
Output written on TeamA-AssemblyDoc.pdf (13 pages, 428424 bytes).
PDF statistics:
 70 PDF objects out of 1000 (max. 8388607)
 46 compressed objects within 1 object stream
 0 named destinations out of 1000 (max. 500000)
 16 words of extra memory for PDF output out of 10000 (max. 10000000)

